SF:lib\core\entities\get_weather_params.dart
DA:7,1
DA:12,4
LF:2
LH:2
end_of_record
SF:lib\core\error\failures.dart
DA:5,2
DA:7,0
DA:8,0
DA:18,0
DA:20,0
DA:22,0
DA:24,0
DA:26,0
LF:8
LH:1
end_of_record
SF:lib\core\network\network_info.dart
DA:9,0
DA:12,0
DA:13,0
LF:3
LH:0
end_of_record
SF:lib\features\home\data\data_sources\weather_remote_date_source.dart
DA:14,0
DA:16,0
DA:19,0
DA:20,0
DA:23,0
DA:28,0
DA:29,0
DA:30,0
DA:31,0
DA:32,0
DA:33,0
DA:34,0
DA:35,0
DA:37,0
DA:40,0
DA:44,0
DA:47,0
DA:48,0
DA:51,0
DA:56,0
DA:57,0
DA:58,0
DA:59,0
DA:60,0
DA:61,0
DA:62,0
DA:63,0
DA:64,0
DA:65,0
DA:67,0
DA:70,0
LF:31
LH:0
end_of_record
SF:lib\features\home\data\models\weather_model.dart
DA:14,1
DA:24,1
DA:35,0
DA:36,0
DA:37,0
DA:38,0
DA:39,0
DA:40,0
DA:41,0
DA:42,0
DA:43,0
DA:44,0
DA:47,0
DA:49,0
DA:50,0
DA:51,0
DA:52,0
LF:17
LH:2
end_of_record
SF:lib\features\home\data\repositories\weather_repository_impl.dart
DA:12,1
DA:14,1
DA:17,2
DA:19,0
DA:20,0
DA:22,0
DA:24,0
DA:32,1
DA:35,2
DA:37,0
DA:38,0
DA:40,0
DA:42,0
LF:13
LH:5
end_of_record
SF:lib\features\home\domain\entities\weather.dart
DA:12,1
LF:1
LH:1
end_of_record
SF:lib\core\constants\app_constant.dart
DA:2,0
LF:1
LH:0
end_of_record
